c:\users\danielarosero\documents\github\gabrielarosero_tareas_proyectos\proyecto_2doparcial\proyectoprimerparcial\proyectoprimerparcial\x64\debug\vc141.pdb
c:\users\danielarosero\documents\github\gabrielarosero_tareas_proyectos\proyecto_2doparcial\proyectoprimerparcial\proyectoprimerparcial\x64\debug\vc141.idb
c:\users\danielarosero\documents\github\gabrielarosero_tareas_proyectos\proyecto_2doparcial\proyectoprimerparcial\proyectoprimerparcial\x64\debug\segundoparcial.obj
c:\users\danielarosero\documents\github\gabrielarosero_tareas_proyectos\proyecto_2doparcial\proyectoprimerparcial\proyectoprimerparcial\x64\debug\qrcodegen.obj
c:\users\danielarosero\documents\github\gabrielarosero_tareas_proyectos\proyecto_2doparcial\proyectoprimerparcial\proyectoprimerparcial\x64\debug\stdafx.obj
c:\users\danielarosero\documents\github\gabrielarosero_tareas_proyectos\proyecto_2doparcial\proyectoprimerparcial\proyectoprimerparcial\x64\debug\lista.obj
c:\users\danielarosero\documents\github\gabrielarosero_tareas_proyectos\proyecto_2doparcial\proyectoprimerparcial\proyectoprimerparcial\x64\debug\menumouse.obj
c:\users\danielarosero\documents\github\gabrielarosero_tareas_proyectos\proyecto_2doparcial\proyectoprimerparcial\proyectoprimerparcial\x64\debug\menuopciones.obj
c:\users\danielarosero\documents\github\gabrielarosero_tareas_proyectos\proyecto_2doparcial\proyectoprimerparcial\proyectoprimerparcial\x64\debug\nodo.obj
c:\users\danielarosero\documents\github\gabrielarosero_tareas_proyectos\proyecto_2doparcial\proyectoprimerparcial\proyectoprimerparcial\x64\debug\pilas.obj
c:\users\danielarosero\documents\github\gabrielarosero_tareas_proyectos\proyecto_2doparcial\proyectoprimerparcial\proyectoprimerparcial\x64\debug\funciones.obj
c:\users\danielarosero\documents\github\gabrielarosero_tareas_proyectos\proyecto_2doparcial\proyectoprimerparcial\x64\debug\segundoparcial.exe
c:\users\danielarosero\documents\github\gabrielarosero_tareas_proyectos\proyecto_2doparcial\proyectoprimerparcial\x64\debug\segundoparcial.ilk
c:\users\danielarosero\documents\github\gabrielarosero_tareas_proyectos\proyecto_2doparcial\proyectoprimerparcial\x64\debug\segundoparcial.pdb
c:\users\danielarosero\documents\github\gabrielarosero_tareas_proyectos\proyecto_3erparcial\proyectoprimerparcial\proyectoprimerparcial\x64\debug\funciones.obj
c:\users\danielarosero\documents\github\gabrielarosero_tareas_proyectos\proyecto_3erparcial\proyectoprimerparcial\proyectoprimerparcial\x64\debug\lista.obj
c:\users\danielarosero\documents\github\gabrielarosero_tareas_proyectos\proyecto_3erparcial\proyectoprimerparcial\proyectoprimerparcial\x64\debug\menumouse.obj
c:\users\danielarosero\documents\github\gabrielarosero_tareas_proyectos\proyecto_3erparcial\proyectoprimerparcial\proyectoprimerparcial\x64\debug\menuopciones.obj
c:\users\danielarosero\documents\github\gabrielarosero_tareas_proyectos\proyecto_3erparcial\proyectoprimerparcial\proyectoprimerparcial\x64\debug\nodo.obj
c:\users\danielarosero\documents\github\gabrielarosero_tareas_proyectos\proyecto_3erparcial\proyectoprimerparcial\proyectoprimerparcial\x64\debug\pilas.obj
c:\users\danielarosero\documents\github\gabrielarosero_tareas_proyectos\proyecto_3erparcial\proyectoprimerparcial\proyectoprimerparcial\x64\debug\proyectoprimerparcial.obj
c:\users\danielarosero\documents\github\gabrielarosero_tareas_proyectos\proyecto_3erparcial\proyectoprimerparcial\proyectoprimerparcial\x64\debug\qrcodegen.obj
c:\users\danielarosero\documents\github\gabrielarosero_tareas_proyectos\proyecto_3erparcial\proyectoprimerparcial\proyectoprimerparcial\x64\debug\segundoparcial.obj
c:\users\danielarosero\documents\github\gabrielarosero_tareas_proyectos\proyecto_3erparcial\proyectoprimerparcial\proyectoprimerparcial\x64\debug\stdafx.obj
c:\users\danielarosero\documents\github\gabrielarosero_tareas_proyectos\proyecto_3erparcial\proyectoprimerparcial\proyectoprimerparcial\x64\debug\vc141.idb
c:\users\danielarosero\documents\github\gabrielarosero_tareas_proyectos\proyecto_3erparcial\proyectoprimerparcial\proyectoprimerparcial\x64\debug\vc141.pdb
c:\users\danielarosero\documents\github\gabrielarosero_tareas_proyectos\proyecto_3erparcial\proyectoprimerparcial\x64\debug\segundoparcial.pdb
c:\users\danielarosero\documents\github\gabrielarosero_tareas_proyectos\proyecto_3erparcial\proyectoprimerparcial\x64\debug\segundoparcial.exe
c:\users\danielarosero\documents\github\gabrielarosero_tareas_proyectos\proyecto_3erparcial\proyectoprimerparcial\x64\debug\segundoparcial.ilk
c:\users\danielarosero\documents\github\gabrielarosero_tareas_proyectos\proyecto_3erparcial\proyectoprimerparcial\proyectoprimerparcial\x64\debug\segundoparcial.tlog\cl.command.1.tlog
c:\users\danielarosero\documents\github\gabrielarosero_tareas_proyectos\proyecto_3erparcial\proyectoprimerparcial\proyectoprimerparcial\x64\debug\segundoparcial.tlog\cl.read.1.tlog
c:\users\danielarosero\documents\github\gabrielarosero_tareas_proyectos\proyecto_3erparcial\proyectoprimerparcial\proyectoprimerparcial\x64\debug\segundoparcial.tlog\cl.write.1.tlog
c:\users\danielarosero\documents\github\gabrielarosero_tareas_proyectos\proyecto_3erparcial\proyectoprimerparcial\proyectoprimerparcial\x64\debug\segundoparcial.tlog\link.command.1.tlog
c:\users\danielarosero\documents\github\gabrielarosero_tareas_proyectos\proyecto_3erparcial\proyectoprimerparcial\proyectoprimerparcial\x64\debug\segundoparcial.tlog\link.read.1.tlog
c:\users\danielarosero\documents\github\gabrielarosero_tareas_proyectos\proyecto_3erparcial\proyectoprimerparcial\proyectoprimerparcial\x64\debug\segundoparcial.tlog\link.write.1.tlog
